[1027/135936.704:INFO:CONSOLE(201)] "A parser-blocking, cross site (i.e. different eTLD+1) script, https://ss1.bdstatic.com/5eN1bjq8AAUYm2zgoY3K/r/www/cache/static/protocol/https/bundles/polyfill_1883b81.js, is invoked via document.write. The network request for this script MAY be blocked by the browser in this or a future page load due to poor network connectivity. If blocked in this page load, it will be confirmed in a subsequent console message. See https://www.chromestatus.com/feature/5718547946799104 for more details.", source: https://www.baidu.com/ (201)
[1027/135936.705:INFO:CONSOLE(201)] "A parser-blocking, cross site (i.e. different eTLD+1) script, https://ss1.bdstatic.com/5eN1bjq8AAUYm2zgoY3K/r/www/cache/static/protocol/https/bundles/polyfill_1883b81.js, is invoked via document.write. The network request for this script MAY be blocked by the browser in this or a future page load due to poor network connectivity. If blocked in this page load, it will be confirmed in a subsequent console message. See https://www.chromestatus.com/feature/5718547946799104 for more details.", source: https://www.baidu.com/ (201)
[1027/135936.707:INFO:CONSOLE(201)] "A parser-blocking, cross site (i.e. different eTLD+1) script, https://ss1.bdstatic.com/5eN1bjq8AAUYm2zgoY3K/r/www/cache/static/protocol/https/global/js/all_async_search_8065c96.js, is invoked via document.write. The network request for this script MAY be blocked by the browser in this or a future page load due to poor network connectivity. If blocked in this page load, it will be confirmed in a subsequent console message. See https://www.chromestatus.com/feature/5718547946799104 for more details.", source: https://www.baidu.com/ (201)
[1027/135936.870:INFO:CONSOLE(184)] "每一个星球都有一个驱动核心，
每一种思想都有影响力的种子。
感受世界的温度，
年轻的你也能成为改变世界的动力，
百度珍惜你所有的潜力。
你的潜力，是改变世界的动力！

", source: https://ss1.bdstatic.com/5eN1bjq8AAUYm2zgoY3K/r/www/cache/static/protocol/https/global/js/all_async_search_8065c96.js (184)
[1027/135936.870:INFO:CONSOLE(184)] "%c百度2021校园招聘简历投递：https://talent.baidu.com/external/baidu/campus.html color:red", source: https://ss1.bdstatic.com/5eN1bjq8AAUYm2zgoY3K/r/www/cache/static/protocol/https/global/js/all_async_search_8065c96.js (184)
[1027/140152.794:INFO:CONSOLE(201)] "A parser-blocking, cross site (i.e. different eTLD+1) script, https://ss1.bdstatic.com/5eN1bjq8AAUYm2zgoY3K/r/www/cache/static/protocol/https/bundles/polyfill_1883b81.js, is invoked via document.write. The network request for this script MAY be blocked by the browser in this or a future page load due to poor network connectivity. If blocked in this page load, it will be confirmed in a subsequent console message. See https://www.chromestatus.com/feature/5718547946799104 for more details.", source: https://www.baidu.com/ (201)
[1027/140152.798:INFO:CONSOLE(201)] "A parser-blocking, cross site (i.e. different eTLD+1) script, https://ss1.bdstatic.com/5eN1bjq8AAUYm2zgoY3K/r/www/cache/static/protocol/https/bundles/polyfill_1883b81.js, is invoked via document.write. The network request for this script MAY be blocked by the browser in this or a future page load due to poor network connectivity. If blocked in this page load, it will be confirmed in a subsequent console message. See https://www.chromestatus.com/feature/5718547946799104 for more details.", source: https://www.baidu.com/ (201)
[1027/140152.801:INFO:CONSOLE(201)] "A parser-blocking, cross site (i.e. different eTLD+1) script, https://ss1.bdstatic.com/5eN1bjq8AAUYm2zgoY3K/r/www/cache/static/protocol/https/global/js/all_async_search_8065c96.js, is invoked via document.write. The network request for this script MAY be blocked by the browser in this or a future page load due to poor network connectivity. If blocked in this page load, it will be confirmed in a subsequent console message. See https://www.chromestatus.com/feature/5718547946799104 for more details.", source: https://www.baidu.com/ (201)
[1027/140152.954:INFO:CONSOLE(184)] "每一个星球都有一个驱动核心，
每一种思想都有影响力的种子。
感受世界的温度，
年轻的你也能成为改变世界的动力，
百度珍惜你所有的潜力。
你的潜力，是改变世界的动力！

", source: https://ss1.bdstatic.com/5eN1bjq8AAUYm2zgoY3K/r/www/cache/static/protocol/https/global/js/all_async_search_8065c96.js (184)
[1027/140152.954:INFO:CONSOLE(184)] "%c百度2021校园招聘简历投递：https://talent.baidu.com/external/baidu/campus.html color:red", source: https://ss1.bdstatic.com/5eN1bjq8AAUYm2zgoY3K/r/www/cache/static/protocol/https/global/js/all_async_search_8065c96.js (184)
[1027/140208.961:INFO:CONSOLE(872)] "A parser-blocking, cross site (i.e. different eTLD+1) script, https://jspassport.ssl.qhimg.com/11.0.1.js?194c152c75127578fc589b0c7122ab34, is invoked via document.write. The network request for this script MAY be blocked by the browser in this or a future page load due to poor network connectivity. If blocked in this page load, it will be confirmed in a subsequent console message. See https://www.chromestatus.com/feature/5718547946799104 for more details.", source: https://www.lxybaike.com/index.php?doc-view-4746.html (872)
[1027/140208.962:INFO:CONSOLE(872)] "A parser-blocking, cross site (i.e. different eTLD+1) script, https://jspassport.ssl.qhimg.com/11.0.1.js?194c152c75127578fc589b0c7122ab34, is invoked via document.write. The network request for this script MAY be blocked by the browser in this or a future page load due to poor network connectivity. If blocked in this page load, it will be confirmed in a subsequent console message. See https://www.chromestatus.com/feature/5718547946799104 for more details.", source: https://www.lxybaike.com/index.php?doc-view-4746.html (872)
[1027/140209.097:INFO:CONSOLE(0)] "A cookie associated with a cross-site resource at http://baidu.com/ was set without the `SameSite` attribute. A future release of Chrome will only deliver cookies with cross-site requests if they are set with `SameSite=None` and `Secure`. You can review cookies in developer tools under Application>Storage>Cookies and see more details at https://www.chromestatus.com/feature/5088147346030592 and https://www.chromestatus.com/feature/5633521622188032.", source: https://www.lxybaike.com/index.php?doc-view-4746.html (0)
[1027/140209.145:INFO:CONSOLE(0)] "A cookie associated with a cross-site resource at http://hm.baidu.com/ was set without the `SameSite` attribute. A future release of Chrome will only deliver cookies with cross-site requests if they are set with `SameSite=None` and `Secure`. You can review cookies in developer tools under Application>Storage>Cookies and see more details at https://www.chromestatus.com/feature/5088147346030592 and https://www.chromestatus.com/feature/5633521622188032.", source: https://www.lxybaike.com/index.php?doc-view-4746.html (0)
[1027/140209.482:INFO:CONSOLE(1)] "A parser-blocking, cross site (i.e. different eTLD+1) script, https://s.ssl.qhres.com/ssl/ab77b6ea7f3fbf79.js, is invoked via document.write. The network request for this script MAY be blocked by the browser in this or a future page load due to poor network connectivity. If blocked in this page load, it will be confirmed in a subsequent console message. See https://www.chromestatus.com/feature/5718547946799104 for more details.", source: https://jspassport.ssl.qhimg.com/11.0.1.js?194c152c75127578fc589b0c7122ab34 (1)
[1027/140209.483:INFO:CONSOLE(1)] "A parser-blocking, cross site (i.e. different eTLD+1) script, https://s.ssl.qhres.com/ssl/ab77b6ea7f3fbf79.js, is invoked via document.write. The network request for this script MAY be blocked by the browser in this or a future page load due to poor network connectivity. If blocked in this page load, it will be confirmed in a subsequent console message. See https://www.chromestatus.com/feature/5718547946799104 for more details.", source: https://jspassport.ssl.qhimg.com/11.0.1.js?194c152c75127578fc589b0c7122ab34 (1)
[1027/140552.481:INFO:CONSOLE(201)] "A parser-blocking, cross site (i.e. different eTLD+1) script, https://ss1.bdstatic.com/5eN1bjq8AAUYm2zgoY3K/r/www/cache/static/protocol/https/bundles/polyfill_1883b81.js, is invoked via document.write. The network request for this script MAY be blocked by the browser in this or a future page load due to poor network connectivity. If blocked in this page load, it will be confirmed in a subsequent console message. See https://www.chromestatus.com/feature/5718547946799104 for more details.", source: https://www.baidu.com/ (201)
[1027/140552.482:INFO:CONSOLE(201)] "A parser-blocking, cross site (i.e. different eTLD+1) script, https://ss1.bdstatic.com/5eN1bjq8AAUYm2zgoY3K/r/www/cache/static/protocol/https/bundles/polyfill_1883b81.js, is invoked via document.write. The network request for this script MAY be blocked by the browser in this or a future page load due to poor network connectivity. If blocked in this page load, it will be confirmed in a subsequent console message. See https://www.chromestatus.com/feature/5718547946799104 for more details.", source: https://www.baidu.com/ (201)
[1027/140552.483:INFO:CONSOLE(201)] "A parser-blocking, cross site (i.e. different eTLD+1) script, https://ss1.bdstatic.com/5eN1bjq8AAUYm2zgoY3K/r/www/cache/static/protocol/https/global/js/all_async_search_8065c96.js, is invoked via document.write. The network request for this script MAY be blocked by the browser in this or a future page load due to poor network connectivity. If blocked in this page load, it will be confirmed in a subsequent console message. See https://www.chromestatus.com/feature/5718547946799104 for more details.", source: https://www.baidu.com/ (201)
[1027/140552.642:INFO:CONSOLE(184)] "每一个星球都有一个驱动核心，
每一种思想都有影响力的种子。
感受世界的温度，
年轻的你也能成为改变世界的动力，
百度珍惜你所有的潜力。
你的潜力，是改变世界的动力！

", source: https://ss1.bdstatic.com/5eN1bjq8AAUYm2zgoY3K/r/www/cache/static/protocol/https/global/js/all_async_search_8065c96.js (184)
[1027/140552.643:INFO:CONSOLE(184)] "%c百度2021校园招聘简历投递：https://talent.baidu.com/external/baidu/campus.html color:red", source: https://ss1.bdstatic.com/5eN1bjq8AAUYm2zgoY3K/r/www/cache/static/protocol/https/global/js/all_async_search_8065c96.js (184)
[1027/140655.040:INFO:CONSOLE(201)] "A parser-blocking, cross site (i.e. different eTLD+1) script, https://ss1.bdstatic.com/5eN1bjq8AAUYm2zgoY3K/r/www/cache/static/protocol/https/bundles/polyfill_1883b81.js, is invoked via document.write. The network request for this script MAY be blocked by the browser in this or a future page load due to poor network connectivity. If blocked in this page load, it will be confirmed in a subsequent console message. See https://www.chromestatus.com/feature/5718547946799104 for more details.", source: https://www.baidu.com/ (201)
[1027/140655.041:INFO:CONSOLE(201)] "A parser-blocking, cross site (i.e. different eTLD+1) script, https://ss1.bdstatic.com/5eN1bjq8AAUYm2zgoY3K/r/www/cache/static/protocol/https/bundles/polyfill_1883b81.js, is invoked via document.write. The network request for this script MAY be blocked by the browser in this or a future page load due to poor network connectivity. If blocked in this page load, it will be confirmed in a subsequent console message. See https://www.chromestatus.com/feature/5718547946799104 for more details.", source: https://www.baidu.com/ (201)
[1027/140655.042:INFO:CONSOLE(201)] "A parser-blocking, cross site (i.e. different eTLD+1) script, https://ss1.bdstatic.com/5eN1bjq8AAUYm2zgoY3K/r/www/cache/static/protocol/https/global/js/all_async_search_8065c96.js, is invoked via document.write. The network request for this script MAY be blocked by the browser in this or a future page load due to poor network connectivity. If blocked in this page load, it will be confirmed in a subsequent console message. See https://www.chromestatus.com/feature/5718547946799104 for more details.", source: https://www.baidu.com/ (201)
[1027/140655.194:INFO:CONSOLE(184)] "每一个星球都有一个驱动核心，
每一种思想都有影响力的种子。
感受世界的温度，
年轻的你也能成为改变世界的动力，
百度珍惜你所有的潜力。
你的潜力，是改变世界的动力！

", source: https://ss1.bdstatic.com/5eN1bjq8AAUYm2zgoY3K/r/www/cache/static/protocol/https/global/js/all_async_search_8065c96.js (184)
[1027/140655.194:INFO:CONSOLE(184)] "%c百度2021校园招聘简历投递：https://talent.baidu.com/external/baidu/campus.html color:red", source: https://ss1.bdstatic.com/5eN1bjq8AAUYm2zgoY3K/r/www/cache/static/protocol/https/global/js/all_async_search_8065c96.js (184)
[1027/140806.983:INFO:CONSOLE(201)] "A parser-blocking, cross site (i.e. different eTLD+1) script, https://ss1.bdstatic.com/5eN1bjq8AAUYm2zgoY3K/r/www/cache/static/protocol/https/bundles/polyfill_1883b81.js, is invoked via document.write. The network request for this script MAY be blocked by the browser in this or a future page load due to poor network connectivity. If blocked in this page load, it will be confirmed in a subsequent console message. See https://www.chromestatus.com/feature/5718547946799104 for more details.", source: https://www.baidu.com/ (201)
[1027/140806.983:INFO:CONSOLE(201)] "A parser-blocking, cross site (i.e. different eTLD+1) script, https://ss1.bdstatic.com/5eN1bjq8AAUYm2zgoY3K/r/www/cache/static/protocol/https/bundles/polyfill_1883b81.js, is invoked via document.write. The network request for this script MAY be blocked by the browser in this or a future page load due to poor network connectivity. If blocked in this page load, it will be confirmed in a subsequent console message. See https://www.chromestatus.com/feature/5718547946799104 for more details.", source: https://www.baidu.com/ (201)
[1027/140806.984:INFO:CONSOLE(201)] "A parser-blocking, cross site (i.e. different eTLD+1) script, https://ss1.bdstatic.com/5eN1bjq8AAUYm2zgoY3K/r/www/cache/static/protocol/https/global/js/all_async_search_8065c96.js, is invoked via document.write. The network request for this script MAY be blocked by the browser in this or a future page load due to poor network connectivity. If blocked in this page load, it will be confirmed in a subsequent console message. See https://www.chromestatus.com/feature/5718547946799104 for more details.", source: https://www.baidu.com/ (201)
[1027/140807.163:INFO:CONSOLE(184)] "每一个星球都有一个驱动核心，
每一种思想都有影响力的种子。
感受世界的温度，
年轻的你也能成为改变世界的动力，
百度珍惜你所有的潜力。
你的潜力，是改变世界的动力！

", source: https://ss1.bdstatic.com/5eN1bjq8AAUYm2zgoY3K/r/www/cache/static/protocol/https/global/js/all_async_search_8065c96.js (184)
[1027/140807.163:INFO:CONSOLE(184)] "%c百度2021校园招聘简历投递：https://talent.baidu.com/external/baidu/campus.html color:red", source: https://ss1.bdstatic.com/5eN1bjq8AAUYm2zgoY3K/r/www/cache/static/protocol/https/global/js/all_async_search_8065c96.js (184)
[1027/140839.729:INFO:CONSOLE(0)] "A cookie associated with a cross-site resource at http://baidu.com/ was set without the `SameSite` attribute. A future release of Chrome will only deliver cookies with cross-site requests if they are set with `SameSite=None` and `Secure`. You can review cookies in developer tools under Application>Storage>Cookies and see more details at https://www.chromestatus.com/feature/5088147346030592 and https://www.chromestatus.com/feature/5633521622188032.", source: https://www.zhihu.com/signin?next=%2F (0)
[1027/140839.762:INFO:CONSOLE(0)] "A cookie associated with a cross-site resource at http://hm.baidu.com/ was set without the `SameSite` attribute. A future release of Chrome will only deliver cookies with cross-site requests if they are set with `SameSite=None` and `Secure`. You can review cookies in developer tools under Application>Storage>Cookies and see more details at https://www.chromestatus.com/feature/5088147346030592 and https://www.chromestatus.com/feature/5633521622188032.", source: https://www.zhihu.com/signin?next=%2F (0)
[1027/140840.092:INFO:CONSOLE(1)] "
          _____                    _____                    _____                    _____          
         /\    \                  /\    \                  /\    \                  /\    \         
        /::\____\                /::\    \                /::\    \                /::\    \        
       /:::/    /                \:::\    \              /::::\    \              /::::\    \       
      /:::/    /                  \:::\    \            /::::::\    \            /::::::\    \      
     /:::/    /                    \:::\    \          /:::/\:::\    \          /:::/\:::\    \     
    /:::/____/                      \:::\    \        /:::/__\:::\    \        /:::/__\:::\    \    
   /::::\    \                      /::::\    \      /::::\   \:::\    \      /::::\   \:::\    \   
  /::::::\    \   _____    ____    /::::::\    \    /::::::\   \:::\    \    /::::::\   \:::\    \  
 /:::/\:::\    \ /\    \  /\   \  /:::/\:::\    \  /:::/\:::\   \:::\____\  /:::/\:::\   \:::\    \ 
/:::/  \:::\    /::\____\/::\   \/:::/  \:::\____\/:::/  \:::\   \:::|    |/:::/__\:::\   \:::\____\
\::/    \:::\  /:::/    /\:::\  /:::/    \::/    /\::/   |::::\  /:::|____|\:::\   \:::\   \::/    /
 \/____/ \:::\/:::/    /  \:::\/:::/    / \/____/  \/____|:::::\/:::/    /  \:::\   \:::\   \/____/ 
          \::::::/    /    \::::::/    /                 |:::::::::/    /    \:::\   \:::\    \     
           \::::/    /      \::::/____/                  |::|\::::/    /      \:::\   \:::\____\    
           /:::/    /        \:::\    \                  |::| \::/____/        \:::\   \::/    /    
          /:::/    /          \:::\    \                 |::|  ~|               \:::\   \/____/     
         /:::/    /            \:::\    \                |::|   |                \:::\    \         
        /:::/    /              \:::\____\               \::|   |                 \:::\____\        
        \::/    /                \::/    /                \:|   |                  \::/    /        
         \/____/                  \/____/                  \|___|                   \/____/         

知乎(zhihu.com)，招聘前端开发工程师 http://zhi.hu/BDXoD
    ", source: https://unpkg.zhimg.com/@cfe/sentry-script@latest/dist/init.js (1)
[1027/140849.336:INFO:CONSOLE(201)] "A parser-blocking, cross site (i.e. different eTLD+1) script, https://ss1.bdstatic.com/5eN1bjq8AAUYm2zgoY3K/r/www/cache/static/protocol/https/bundles/polyfill_1883b81.js, is invoked via document.write. The network request for this script MAY be blocked by the browser in this or a future page load due to poor network connectivity. If blocked in this page load, it will be confirmed in a subsequent console message. See https://www.chromestatus.com/feature/5718547946799104 for more details.", source: https://www.baidu.com/ (201)
[1027/140849.337:INFO:CONSOLE(201)] "A parser-blocking, cross site (i.e. different eTLD+1) script, https://ss1.bdstatic.com/5eN1bjq8AAUYm2zgoY3K/r/www/cache/static/protocol/https/bundles/polyfill_1883b81.js, is invoked via document.write. The network request for this script MAY be blocked by the browser in this or a future page load due to poor network connectivity. If blocked in this page load, it will be confirmed in a subsequent console message. See https://www.chromestatus.com/feature/5718547946799104 for more details.", source: https://www.baidu.com/ (201)
[1027/140849.337:INFO:CONSOLE(201)] "A parser-blocking, cross site (i.e. different eTLD+1) script, https://ss1.bdstatic.com/5eN1bjq8AAUYm2zgoY3K/r/www/cache/static/protocol/https/global/js/all_async_search_8065c96.js, is invoked via document.write. The network request for this script MAY be blocked by the browser in this or a future page load due to poor network connectivity. If blocked in this page load, it will be confirmed in a subsequent console message. See https://www.chromestatus.com/feature/5718547946799104 for more details.", source: https://www.baidu.com/ (201)
[1027/140849.380:INFO:CONSOLE(184)] "每一个星球都有一个驱动核心，
每一种思想都有影响力的种子。
感受世界的温度，
年轻的你也能成为改变世界的动力，
百度珍惜你所有的潜力。
你的潜力，是改变世界的动力！

", source: https://ss1.bdstatic.com/5eN1bjq8AAUYm2zgoY3K/r/www/cache/static/protocol/https/global/js/all_async_search_8065c96.js (184)
[1027/140849.380:INFO:CONSOLE(184)] "%c百度2021校园招聘简历投递：https://talent.baidu.com/external/baidu/campus.html color:red", source: https://ss1.bdstatic.com/5eN1bjq8AAUYm2zgoY3K/r/www/cache/static/protocol/https/global/js/all_async_search_8065c96.js (184)
[1027/140905.126:INFO:CONSOLE(0)] "A cookie associated with a cross-site resource at http://baidu.com/ was set without the `SameSite` attribute. A future release of Chrome will only deliver cookies with cross-site requests if they are set with `SameSite=None` and `Secure`. You can review cookies in developer tools under Application>Storage>Cookies and see more details at https://www.chromestatus.com/feature/5088147346030592 and https://www.chromestatus.com/feature/5633521622188032.", source: http://landiannews.com/ (0)
[1027/140905.127:INFO:CONSOLE(0)] "A cookie associated with a cross-site resource at http://hm.baidu.com/ was set without the `SameSite` attribute. A future release of Chrome will only deliver cookies with cross-site requests if they are set with `SameSite=None` and `Secure`. You can review cookies in developer tools under Application>Storage>Cookies and see more details at https://www.chromestatus.com/feature/5088147346030592 and https://www.chromestatus.com/feature/5633521622188032.", source: http://landiannews.com/ (0)
[1027/140910.150:INFO:CONSOLE(0)] "A cookie associated with a cross-site resource at http://baidu.com/ was set without the `SameSite` attribute. A future release of Chrome will only deliver cookies with cross-site requests if they are set with `SameSite=None` and `Secure`. You can review cookies in developer tools under Application>Storage>Cookies and see more details at https://www.chromestatus.com/feature/5088147346030592 and https://www.chromestatus.com/feature/5633521622188032.", source: https://www.landiannews.com/?utm_sources=@.landiannews.com (0)
[1027/140910.150:INFO:CONSOLE(0)] "A cookie associated with a cross-site resource at http://hm.baidu.com/ was set without the `SameSite` attribute. A future release of Chrome will only deliver cookies with cross-site requests if they are set with `SameSite=None` and `Secure`. You can review cookies in developer tools under Application>Storage>Cookies and see more details at https://www.chromestatus.com/feature/5088147346030592 and https://www.chromestatus.com/feature/5633521622188032.", source: https://www.landiannews.com/?utm_sources=@.landiannews.com (0)
[1027/140910.465:INFO:CONSOLE(1)] "Uncaught SyntaxError: Unexpected end of input", source: https://www.landiannews.com/?utm_sources=@.landiannews.com (1)
[1027/143252.120:INFO:CONSOLE(201)] "A parser-blocking, cross site (i.e. different eTLD+1) script, https://ss1.bdstatic.com/5eN1bjq8AAUYm2zgoY3K/r/www/cache/static/protocol/https/bundles/polyfill_1883b81.js, is invoked via document.write. The network request for this script MAY be blocked by the browser in this or a future page load due to poor network connectivity. If blocked in this page load, it will be confirmed in a subsequent console message. See https://www.chromestatus.com/feature/5718547946799104 for more details.", source: https://www.baidu.com/ (201)
[1027/143252.121:INFO:CONSOLE(201)] "A parser-blocking, cross site (i.e. different eTLD+1) script, https://ss1.bdstatic.com/5eN1bjq8AAUYm2zgoY3K/r/www/cache/static/protocol/https/bundles/polyfill_1883b81.js, is invoked via document.write. The network request for this script MAY be blocked by the browser in this or a future page load due to poor network connectivity. If blocked in this page load, it will be confirmed in a subsequent console message. See https://www.chromestatus.com/feature/5718547946799104 for more details.", source: https://www.baidu.com/ (201)
[1027/143252.122:INFO:CONSOLE(201)] "A parser-blocking, cross site (i.e. different eTLD+1) script, https://ss1.bdstatic.com/5eN1bjq8AAUYm2zgoY3K/r/www/cache/static/protocol/https/global/js/all_async_search_8065c96.js, is invoked via document.write. The network request for this script MAY be blocked by the browser in this or a future page load due to poor network connectivity. If blocked in this page load, it will be confirmed in a subsequent console message. See https://www.chromestatus.com/feature/5718547946799104 for more details.", source: https://www.baidu.com/ (201)
[1027/143252.292:INFO:CONSOLE(184)] "每一个星球都有一个驱动核心，
每一种思想都有影响力的种子。
感受世界的温度，
年轻的你也能成为改变世界的动力，
百度珍惜你所有的潜力。
你的潜力，是改变世界的动力！

", source: https://ss1.bdstatic.com/5eN1bjq8AAUYm2zgoY3K/r/www/cache/static/protocol/https/global/js/all_async_search_8065c96.js (184)
[1027/143252.292:INFO:CONSOLE(184)] "%c百度2021校园招聘简历投递：https://talent.baidu.com/external/baidu/campus.html color:red", source: https://ss1.bdstatic.com/5eN1bjq8AAUYm2zgoY3K/r/www/cache/static/protocol/https/global/js/all_async_search_8065c96.js (184)
[0111/025023.759:INFO:CONSOLE(202)] "A parser-blocking, cross site (i.e. different eTLD+1) script, https://ss1.bdstatic.com/5eN1bjq8AAUYm2zgoY3K/r/www/cache/static/protocol/https/bundles/polyfill_9354efa.js, is invoked via document.write. The network request for this script MAY be blocked by the browser in this or a future page load due to poor network connectivity. If blocked in this page load, it will be confirmed in a subsequent console message. See https://www.chromestatus.com/feature/5718547946799104 for more details.", source: https://www.baidu.com/ (202)
[0111/025023.760:INFO:CONSOLE(202)] "A parser-blocking, cross site (i.e. different eTLD+1) script, https://ss1.bdstatic.com/5eN1bjq8AAUYm2zgoY3K/r/www/cache/static/protocol/https/bundles/polyfill_9354efa.js, is invoked via document.write. The network request for this script MAY be blocked by the browser in this or a future page load due to poor network connectivity. If blocked in this page load, it will be confirmed in a subsequent console message. See https://www.chromestatus.com/feature/5718547946799104 for more details.", source: https://www.baidu.com/ (202)
[0111/025023.760:INFO:CONSOLE(202)] "A parser-blocking, cross site (i.e. different eTLD+1) script, https://ss1.bdstatic.com/5eN1bjq8AAUYm2zgoY3K/r/www/cache/static/protocol/https/global/js/all_async_search_d399f77.js, is invoked via document.write. The network request for this script MAY be blocked by the browser in this or a future page load due to poor network connectivity. If blocked in this page load, it will be confirmed in a subsequent console message. See https://www.chromestatus.com/feature/5718547946799104 for more details.", source: https://www.baidu.com/ (202)
[0111/025024.584:INFO:CONSOLE(203)] "每一个星球都有一个驱动核心，
每一种思想都有影响力的种子。
感受世界的温度，
年轻的你也能成为改变世界的动力，
百度珍惜你所有的潜力。
你的潜力，是改变世界的动力！

", source: https://ss1.bdstatic.com/5eN1bjq8AAUYm2zgoY3K/r/www/cache/static/protocol/https/global/js/all_async_search_d399f77.js (203)
[0111/025024.584:INFO:CONSOLE(203)] "%c百度2021校园招聘简历投递：https://talent.baidu.com/external/baidu/campus.html color:red", source: https://ss1.bdstatic.com/5eN1bjq8AAUYm2zgoY3K/r/www/cache/static/protocol/https/global/js/all_async_search_d399f77.js (203)
[0111/025133.118:INFO:CONSOLE(202)] "A parser-blocking, cross site (i.e. different eTLD+1) script, https://ss1.bdstatic.com/5eN1bjq8AAUYm2zgoY3K/r/www/cache/static/protocol/https/bundles/polyfill_9354efa.js, is invoked via document.write. The network request for this script MAY be blocked by the browser in this or a future page load due to poor network connectivity. If blocked in this page load, it will be confirmed in a subsequent console message. See https://www.chromestatus.com/feature/5718547946799104 for more details.", source: https://www.baidu.com/ (202)
[0111/025133.119:INFO:CONSOLE(202)] "A parser-blocking, cross site (i.e. different eTLD+1) script, https://ss1.bdstatic.com/5eN1bjq8AAUYm2zgoY3K/r/www/cache/static/protocol/https/bundles/polyfill_9354efa.js, is invoked via document.write. The network request for this script MAY be blocked by the browser in this or a future page load due to poor network connectivity. If blocked in this page load, it will be confirmed in a subsequent console message. See https://www.chromestatus.com/feature/5718547946799104 for more details.", source: https://www.baidu.com/ (202)
[0111/025133.119:INFO:CONSOLE(202)] "A parser-blocking, cross site (i.e. different eTLD+1) script, https://ss1.bdstatic.com/5eN1bjq8AAUYm2zgoY3K/r/www/cache/static/protocol/https/global/js/all_async_search_d399f77.js, is invoked via document.write. The network request for this script MAY be blocked by the browser in this or a future page load due to poor network connectivity. If blocked in this page load, it will be confirmed in a subsequent console message. See https://www.chromestatus.com/feature/5718547946799104 for more details.", source: https://www.baidu.com/ (202)
[0111/025133.390:INFO:CONSOLE(203)] "每一个星球都有一个驱动核心，
每一种思想都有影响力的种子。
感受世界的温度，
年轻的你也能成为改变世界的动力，
百度珍惜你所有的潜力。
你的潜力，是改变世界的动力！

", source: https://ss1.bdstatic.com/5eN1bjq8AAUYm2zgoY3K/r/www/cache/static/protocol/https/global/js/all_async_search_d399f77.js (203)
[0111/025133.390:INFO:CONSOLE(203)] "%c百度2021校园招聘简历投递：https://talent.baidu.com/external/baidu/campus.html color:red", source: https://ss1.bdstatic.com/5eN1bjq8AAUYm2zgoY3K/r/www/cache/static/protocol/https/global/js/all_async_search_d399f77.js (203)
[0111/025135.549:INFO:CONSOLE(4997)] "A parser-blocking, cross site (i.e. different eTLD+1) script, https://dss1.bdstatic.com/5eN1bjq8AAUYm2zgoY3K/r/www/cache/static/protocol/https/bundles/polyfill_9354efa.js, is invoked via document.write. The network request for this script MAY be blocked by the browser in this or a future page load due to poor network connectivity. If blocked in this page load, it will be confirmed in a subsequent console message. See https://www.chromestatus.com/feature/5718547946799104 for more details.", source: https://www.baidu.com/s?cl=3&tn=baidutop10&fr=top1000&wd=%E6%B2%B3%E5%8C%97%E6%96%B0%E5%A2%9E40%E4%BE%8B%E7%A1%AE%E8%AF%8A%E7%97%85%E4%BE%8B+%E5%9D%87%E5%9C%A8%E7%9F%B3%E5%AE%B6%E5%BA%84&rsv_idx=2&rsv_dl=fyb_n_homepage&hisfilter=1 (4997)
[0111/025135.551:INFO:CONSOLE(4997)] "A parser-blocking, cross site (i.e. different eTLD+1) script, https://dss1.bdstatic.com/5eN1bjq8AAUYm2zgoY3K/r/www/cache/static/protocol/https/bundles/polyfill_9354efa.js, is invoked via document.write. The network request for this script MAY be blocked by the browser in this or a future page load due to poor network connectivity. If blocked in this page load, it will be confirmed in a subsequent console message. See https://www.chromestatus.com/feature/5718547946799104 for more details.", source: https://www.baidu.com/s?cl=3&tn=baidutop10&fr=top1000&wd=%E6%B2%B3%E5%8C%97%E6%96%B0%E5%A2%9E40%E4%BE%8B%E7%A1%AE%E8%AF%8A%E7%97%85%E4%BE%8B+%E5%9D%87%E5%9C%A8%E7%9F%B3%E5%AE%B6%E5%BA%84&rsv_idx=2&rsv_dl=fyb_n_homepage&hisfilter=1 (4997)
[0111/025135.552:INFO:CONSOLE(4997)] "A parser-blocking, cross site (i.e. different eTLD+1) script, https://dss1.bdstatic.com/5eN1bjq8AAUYm2zgoY3K/r/www/cache/static/protocol/https/global/js/all_async_search_d399f77.js, is invoked via document.write. The network request for this script MAY be blocked by the browser in this or a future page load due to poor network connectivity. If blocked in this page load, it will be confirmed in a subsequent console message. See https://www.chromestatus.com/feature/5718547946799104 for more details.", source: https://www.baidu.com/s?cl=3&tn=baidutop10&fr=top1000&wd=%E6%B2%B3%E5%8C%97%E6%96%B0%E5%A2%9E40%E4%BE%8B%E7%A1%AE%E8%AF%8A%E7%97%85%E4%BE%8B+%E5%9D%87%E5%9C%A8%E7%9F%B3%E5%AE%B6%E5%BA%84&rsv_idx=2&rsv_dl=fyb_n_homepage&hisfilter=1 (4997)
[0111/025135.711:INFO:CONSOLE(203)] "每一个星球都有一个驱动核心，
每一种思想都有影响力的种子。
感受世界的温度，
年轻的你也能成为改变世界的动力，
百度珍惜你所有的潜力。
你的潜力，是改变世界的动力！

", source: https://dss1.bdstatic.com/5eN1bjq8AAUYm2zgoY3K/r/www/cache/static/protocol/https/global/js/all_async_search_d399f77.js (203)
[0111/025135.711:INFO:CONSOLE(203)] "%c百度2021校园招聘简历投递：https://talent.baidu.com/external/baidu/campus.html color:red", source: https://dss1.bdstatic.com/5eN1bjq8AAUYm2zgoY3K/r/www/cache/static/protocol/https/global/js/all_async_search_d399f77.js (203)
[0111/025140.481:INFO:CONSOLE(2)] "Mixed Content: The page at 'https://baijiahao.baidu.com/s?id=1688276856553696012&wfr=spider&for=pc' was loaded over HTTPS, but requested an insecure image 'http://pic.rmb.bdstatic.com/2021-1/1609988795987/zuanshi1.png'. This content should also be served over HTTPS.", source: https://baijiahao.baidu.com/s?id=1688276856553696012&wfr=spider&for=pc (2)
[0111/025140.487:INFO:CONSOLE(2)] "Mixed Content: The page at 'https://baijiahao.baidu.com/s?id=1688276856553696012&wfr=spider&for=pc' was loaded over HTTPS, but requested an insecure image 'http://pic.rmb.bdstatic.com/2020-12/1609148629394/icon2.png'. This content should also be served over HTTPS.", source: https://baijiahao.baidu.com/s?id=1688276856553696012&wfr=spider&for=pc (2)
[0111/025140.487:INFO:CONSOLE(2)] "Mixed Content: The page at 'https://baijiahao.baidu.com/s?id=1688276856553696012&wfr=spider&for=pc' was loaded over HTTPS, but requested an insecure image 'http://pic.rmb.bdstatic.com/2021-1/1609988619434/baiyin1.png'. This content should also be served over HTTPS.", source: https://baijiahao.baidu.com/s?id=1688276856553696012&wfr=spider&for=pc (2)
[0111/025151.599:INFO:CONSOLE(0)] "Mixed Content: The page at 'https://baijiahao.baidu.com/s?id=1647903067570751466&wfr=spider&for=pc' was loaded over HTTPS, but requested an insecure image 'http://pic.rmb.bdstatic.com/2021-1/1609988619434/baiyin1.png'. This content should also be served over HTTPS.", source: https://baijiahao.baidu.com/s?id=1647903067570751466&wfr=spider&for=pc (0)
[0111/025151.599:INFO:CONSOLE(0)] "Mixed Content: The page at 'https://baijiahao.baidu.com/s?id=1647903067570751466&wfr=spider&for=pc' was loaded over HTTPS, but requested an insecure image 'http://pic.rmb.bdstatic.com/2021-1/1609988778415/huangjin1.png'. This content should also be served over HTTPS.", source: https://baijiahao.baidu.com/s?id=1647903067570751466&wfr=spider&for=pc (0)
